<?xml version="1.0" encoding="UTF-8"?>
<testsuite name="ApiTest" tests="1" skipped="0" failures="0" errors="0" timestamp="2022-06-06T12:35:36" hostname="MacBook-Pro-Mac" time="2.425">
  <properties/>
  <testcase name="getInvalidCardsById()" classname="ApiTest" time="2.425"/>
  <system-out><![CDATA[]]></system-out>
  <system-err><![CDATA[]]></system-err>
</testsuite>
